mode: set
github.com/scgolang/nsm/capability.go:37.47,40.45 3 1
github.com/scgolang/nsm/capability.go:43.2,43.13 1 1
github.com/scgolang/nsm/capability.go:40.45,42.3 1 1
github.com/scgolang/nsm/capability.go:47.57,48.29 1 1
github.com/scgolang/nsm/capability.go:51.2,51.25 1 1
github.com/scgolang/nsm/capability.go:56.2,56.13 1 1
github.com/scgolang/nsm/capability.go:48.29,50.3 1 1
github.com/scgolang/nsm/capability.go:51.25,52.20 1 1
github.com/scgolang/nsm/capability.go:52.20,54.4 1 1
github.com/scgolang/nsm/capability.go:60.42,61.20 1 1
github.com/scgolang/nsm/capability.go:64.2,65.27 2 1
github.com/scgolang/nsm/capability.go:68.2,68.51 1 1
github.com/scgolang/nsm/capability.go:61.20,63.3 1 1
github.com/scgolang/nsm/capability.go:65.27,67.3 1 1
github.com/scgolang/nsm/client.go:83.54,85.2 1 0
github.com/scgolang/nsm/client.go:91.74,92.27 1 0
github.com/scgolang/nsm/client.go:95.2,95.40 1 0
github.com/scgolang/nsm/client.go:99.2,103.40 2 0
github.com/scgolang/nsm/client.go:106.2,106.15 1 0
github.com/scgolang/nsm/client.go:92.27,94.3 1 0
github.com/scgolang/nsm/client.go:95.40,97.3 1 0
github.com/scgolang/nsm/client.go:103.40,105.3 1 0
github.com/scgolang/nsm/client.go:110.54,112.47 1 0
github.com/scgolang/nsm/client.go:117.2,120.37 2 0
github.com/scgolang/nsm/client.go:124.2,124.12 1 0
github.com/scgolang/nsm/client.go:112.47,114.3 1 0
github.com/scgolang/nsm/client.go:120.37,122.3 1 0
github.com/scgolang/nsm/client.go:128.50,131.9 2 0
github.com/scgolang/nsm/client.go:136.2,141.16 4 0
github.com/scgolang/nsm/client.go:144.2,145.16 2 0
github.com/scgolang/nsm/client.go:148.2,149.16 2 0
github.com/scgolang/nsm/client.go:152.2,154.12 2 0
github.com/scgolang/nsm/client.go:131.9,133.3 1 0
github.com/scgolang/nsm/client.go:141.16,143.3 1 0
github.com/scgolang/nsm/client.go:145.16,147.3 1 0
github.com/scgolang/nsm/client.go:149.16,151.3 1 0
github.com/scgolang/nsm/client.go:158.46,159.14 1 0
github.com/scgolang/nsm/client.go:164.2,165.26 2 0
github.com/scgolang/nsm/client.go:159.14,161.3 1 0
github.com/scgolang/nsm/client.go:161.3,163.3 1 0
github.com/scgolang/nsm/client.go:169.45,171.9 2 0
github.com/scgolang/nsm/client.go:189.2,189.12 1 0
github.com/scgolang/nsm/client.go:172.2,173.20 1 0
github.com/scgolang/nsm/client.go:174.2,175.29 1 0
github.com/scgolang/nsm/client.go:178.3,178.18 1 0
github.com/scgolang/nsm/client.go:175.29,177.4 0 0
github.com/scgolang/nsm/client.go:179.3,180.44 1 0
github.com/scgolang/nsm/client.go:183.3,184.53 1 0
github.com/scgolang/nsm/client.go:180.44,182.5 1 0
github.com/scgolang/nsm/client.go:184.53,186.5 1 0
github.com/scgolang/nsm/client.go:196.67,197.16 1 0
github.com/scgolang/nsm/client.go:200.2,200.40 1 0
github.com/scgolang/nsm/client.go:197.16,199.3 1 0
github.com/scgolang/nsm/client.go:204.63,213.2 2 0
github.com/scgolang/nsm/client.go:216.61,225.2 2 0
github.com/scgolang/nsm/client.go:228.35,230.2 1 0
github.com/scgolang/nsm/client.go:233.46,235.45 1 0
github.com/scgolang/nsm/client.go:256.2,256.51 1 0
github.com/scgolang/nsm/client.go:259.2,259.10 1 0
github.com/scgolang/nsm/client.go:235.45,238.4 2 0
github.com/scgolang/nsm/client.go:239.50,241.4 1 0
github.com/scgolang/nsm/client.go:242.50,245.4 2 0
github.com/scgolang/nsm/client.go:246.61,248.4 1 0
github.com/scgolang/nsm/client.go:249.61,251.4 1 0
github.com/scgolang/nsm/client.go:252.61,254.4 1 0
github.com/scgolang/nsm/client.go:256.51,258.3 1 0
github.com/scgolang/nsm/client.go:263.32,266.2 2 0
github.com/scgolang/nsm/client_announce.go:11.35,14.16 2 0
github.com/scgolang/nsm/client_announce.go:17.2,17.36 1 0
github.com/scgolang/nsm/client_announce.go:22.2,22.41 1 0
github.com/scgolang/nsm/client_announce.go:26.2,26.12 1 0
github.com/scgolang/nsm/client_announce.go:14.16,16.3 1 0
github.com/scgolang/nsm/client_announce.go:17.36,19.3 1 0
github.com/scgolang/nsm/client_announce.go:22.41,24.3 1 0
github.com/scgolang/nsm/client_announce.go:30.56,43.18 2 0
github.com/scgolang/nsm/client_announce.go:46.2,46.17 1 0
github.com/scgolang/nsm/client_announce.go:43.18,45.3 1 0
github.com/scgolang/nsm/client_announce.go:50.39,52.2 1 0
github.com/scgolang/nsm/client_announce.go:55.61,57.16 2 0
github.com/scgolang/nsm/client_announce.go:60.2,60.35 1 0
github.com/scgolang/nsm/client_announce.go:65.2,66.16 2 0
github.com/scgolang/nsm/client_announce.go:69.2,70.16 2 0
github.com/scgolang/nsm/client_announce.go:73.2,74.16 2 0
github.com/scgolang/nsm/client_announce.go:77.2,81.4 1 0
github.com/scgolang/nsm/client_announce.go:57.16,59.3 1 0
github.com/scgolang/nsm/client_announce.go:60.35,63.3 1 0
github.com/scgolang/nsm/client_announce.go:66.16,68.3 1 0
github.com/scgolang/nsm/client_announce.go:70.16,72.3 1 0
github.com/scgolang/nsm/client_announce.go:74.16,76.3 1 0
github.com/scgolang/nsm/client_info.go:10.43,12.6 1 0
github.com/scgolang/nsm/client_info.go:32.2,32.12 1 0
github.com/scgolang/nsm/client_info.go:12.6,13.10 1 0
github.com/scgolang/nsm/client_info.go:14.3,15.47 1 0
github.com/scgolang/nsm/client_info.go:18.3,19.57 1 0
github.com/scgolang/nsm/client_info.go:22.3,23.44 1 0
github.com/scgolang/nsm/client_info.go:26.3,27.59 1 0
github.com/scgolang/nsm/client_info.go:15.47,17.5 1 0
github.com/scgolang/nsm/client_info.go:19.57,21.5 1 0
github.com/scgolang/nsm/client_info.go:23.44,25.5 1 0
github.com/scgolang/nsm/client_info.go:27.59,29.5 1 0
github.com/scgolang/nsm/client_info.go:37.48,39.13 2 0
github.com/scgolang/nsm/client_info.go:44.2,44.43 1 0
github.com/scgolang/nsm/client_info.go:39.13,41.3 1 0
github.com/scgolang/nsm/client_info.go:41.3,43.3 1 0
github.com/scgolang/nsm/client_info.go:49.58,51.18 2 0
github.com/scgolang/nsm/client_info.go:56.2,56.43 1 0
github.com/scgolang/nsm/client_info.go:51.18,53.3 1 0
github.com/scgolang/nsm/client_info.go:53.3,55.3 1 0
github.com/scgolang/nsm/client_info.go:60.48,67.2 1 0
github.com/scgolang/nsm/client_info.go:70.68,78.2 1 0
github.com/scgolang/nsm/client_open.go:9.52,11.16 2 0
github.com/scgolang/nsm/client_open.go:14.2,15.16 2 0
github.com/scgolang/nsm/client_open.go:18.2,19.16 2 0
github.com/scgolang/nsm/client_open.go:22.2,28.70 2 0
github.com/scgolang/nsm/client_open.go:31.2,31.12 1 0
github.com/scgolang/nsm/client_open.go:11.16,13.3 1 0
github.com/scgolang/nsm/client_open.go:15.16,17.3 1 0
github.com/scgolang/nsm/client_open.go:19.16,21.3 1 0
github.com/scgolang/nsm/client_open.go:28.70,30.3 1 0
github.com/scgolang/nsm/error.go:27.44,29.2 1 0
github.com/scgolang/nsm/error.go:38.34,40.2 1 0
github.com/scgolang/nsm/error.go:43.31,45.2 1 0
github.com/scgolang/nsm/session.go:128.54,130.2 1 0
github.com/scgolang/nsm/session.go:133.39,135.2 1 0
github.com/scgolang/nsm/session.go:138.47,140.2 1 0
github.com/scgolang/nsm/session.go:143.40,145.2 1 0
github.com/scgolang/nsm/session.go:148.45,150.2 1 0
github.com/scgolang/nsm/session.go:153.46,155.2 1 0
github.com/scgolang/nsm/session.go:158.55,160.2 1 0
github.com/scgolang/nsm/session.go:166.47,168.2 1 0
